2024-11-18 23:35:40,614 - INFO - Available columns: ['Creation Date', 'Purchase Date', 'Fiscal Year', 'LPA Number', 'Purchase Order Number', 'Requisition Number', 'Acquisition Type', 'Sub-Acquisition Type', 'Acquisition Method', 'Sub-Acquisition Method', 'Department Name', 'Supplier Code', 'Supplier Name', 'Supplier Qualifications', 'Supplier Zip Code', 'CalCard', 'Item Name', 'Item Description', 'Quantity', 'Unit Price', 'Total Price', 'Classification Codes', 'Normalized UNSPSC', 'Commodity Title', 'Class', 'Class Title', 'Family', 'Family Title', 'Segment', 'Segment Title', 'Location']
2024-11-18 23:35:40,615 - INFO - Sample Creation Date values: ['08/27/2013', '01/29/2014', '11/01/2013', '06/13/2014', '03/12/2014']
2024-11-18 23:35:40,615 - INFO - Sample Purchase Date values: [nan, nan, nan, '06/05/2014', '03/12/2014']
2024-11-18 23:35:40,654 - INFO - Null Creation Dates: 0
2024-11-18 23:35:40,687 - INFO - Null Purchase Dates: 17462
2024-11-18 23:35:41,335 - INFO - Null Fiscal Years after calculation: 0
2024-11-18 23:35:41,335 - INFO - Null count for Purchase Order Number: 0
2024-11-18 23:35:41,352 - INFO - Null count for Department Name: 0
2024-11-18 23:35:41,369 - INFO - Null count for Supplier Name: 36
2024-11-18 23:35:47,934 - INFO - Successfully connected to MongoDB
2024-11-18 23:35:49,868 - INFO - Inserted batch of 1000 records
2024-11-18 23:35:50,587 - INFO - Inserted batch of 1000 records
2024-11-18 23:35:51,067 - INFO - Inserted batch of 1000 records
2024-11-18 23:35:51,295 - INFO - Inserted batch of 1000 records
2024-11-18 23:35:51,699 - INFO - Inserted batch of 1000 records
2024-11-18 23:35:51,936 - INFO - Inserted batch of 1000 records
2024-11-18 23:35:52,274 - INFO - Inserted batch of 1000 records
2024-11-18 23:35:52,507 - INFO - Inserted batch of 1000 records
2024-11-18 23:35:52,724 - INFO - Inserted batch of 1000 records
2024-11-18 23:35:52,872 - INFO - Inserted batch of 1000 records
2024-11-18 23:35:53,076 - INFO - Inserted batch of 1000 records
2024-11-18 23:35:53,453 - INFO - Inserted batch of 1000 records
2024-11-18 23:35:53,750 - INFO - Inserted batch of 1000 records
2024-11-18 23:35:54,016 - INFO - Inserted batch of 1000 records
2024-11-18 23:35:54,267 - INFO - Inserted batch of 1000 records
2024-11-18 23:35:54,404 - INFO - Inserted batch of 1000 records
2024-11-18 23:35:54,602 - INFO - Inserted batch of 1000 records
2024-11-18 23:35:54,868 - INFO - Inserted batch of 1000 records
2024-11-18 23:35:55,064 - INFO - Inserted batch of 1000 records
2024-11-18 23:35:55,437 - INFO - Inserted batch of 1000 records
2024-11-18 23:35:55,777 - INFO - Inserted batch of 1000 records
2024-11-18 23:35:55,980 - INFO - Inserted batch of 1000 records
2024-11-18 23:35:56,184 - INFO - Inserted batch of 1000 records
2024-11-18 23:35:56,284 - INFO - Inserted batch of 1000 records
2024-11-18 23:35:56,433 - INFO - Inserted batch of 1000 records
2024-11-18 23:35:56,646 - INFO - Inserted batch of 1000 records
2024-11-18 23:35:56,775 - INFO - Inserted batch of 1000 records
2024-11-18 23:35:56,841 - INFO - Inserted batch of 1000 records
2024-11-18 23:35:56,944 - INFO - Inserted batch of 1000 records
2024-11-18 23:35:57,149 - INFO - Inserted batch of 1000 records
2024-11-18 23:35:57,301 - INFO - Inserted batch of 1000 records
2024-11-18 23:35:57,932 - INFO - Inserted batch of 1000 records
2024-11-18 23:35:58,291 - INFO - Inserted batch of 1000 records
2024-11-18 23:35:58,714 - INFO - Inserted batch of 1000 records
2024-11-18 23:35:58,912 - INFO - Inserted batch of 1000 records
2024-11-18 23:35:59,057 - INFO - Inserted batch of 1000 records
2024-11-18 23:35:59,269 - INFO - Inserted batch of 1000 records
2024-11-18 23:35:59,395 - INFO - Inserted batch of 1000 records
2024-11-18 23:35:59,508 - INFO - Inserted batch of 1000 records
2024-11-18 23:35:59,655 - INFO - Inserted batch of 1000 records
2024-11-18 23:35:59,764 - INFO - Inserted batch of 1000 records
2024-11-18 23:35:59,846 - INFO - Inserted batch of 1000 records
2024-11-18 23:35:59,985 - INFO - Inserted batch of 1000 records
2024-11-18 23:36:00,109 - INFO - Inserted batch of 1000 records
2024-11-18 23:36:00,196 - INFO - Inserted batch of 1000 records
2024-11-18 23:36:00,293 - INFO - Inserted batch of 1000 records
2024-11-18 23:36:00,391 - INFO - Inserted batch of 1000 records
2024-11-18 23:36:00,439 - INFO - Inserted batch of 1000 records
2024-11-18 23:36:00,506 - INFO - Inserted batch of 1000 records
2024-11-18 23:36:00,556 - INFO - Inserted batch of 1000 records
2024-11-18 23:36:00,624 - INFO - Inserted batch of 1000 records
2024-11-18 23:36:00,692 - INFO - Inserted batch of 1000 records
2024-11-18 23:36:00,757 - INFO - Inserted batch of 1000 records
2024-11-18 23:36:00,817 - INFO - Inserted batch of 1000 records
2024-11-18 23:36:00,928 - INFO - Inserted batch of 1000 records
2024-11-18 23:36:01,001 - INFO - Inserted batch of 1000 records
2024-11-18 23:36:01,107 - INFO - Inserted batch of 1000 records
2024-11-18 23:36:01,167 - INFO - Inserted batch of 1000 records
2024-11-18 23:36:01,233 - INFO - Inserted batch of 1000 records
2024-11-18 23:36:01,357 - INFO - Inserted batch of 1000 records
2024-11-18 23:36:01,623 - INFO - Inserted batch of 1000 records
2024-11-18 23:36:01,722 - INFO - Inserted batch of 1000 records
2024-11-18 23:36:01,832 - INFO - Inserted batch of 1000 records
2024-11-18 23:36:01,883 - INFO - Inserted batch of 1000 records
2024-11-18 23:36:01,927 - INFO - Inserted batch of 1000 records
2024-11-18 23:36:01,980 - INFO - Inserted batch of 1000 records
2024-11-18 23:36:02,035 - INFO - Inserted batch of 1000 records
2024-11-18 23:36:02,089 - INFO - Inserted batch of 1000 records
2024-11-18 23:36:02,133 - INFO - Inserted batch of 1000 records
2024-11-18 23:36:02,187 - INFO - Inserted batch of 1000 records
2024-11-18 23:36:02,243 - INFO - Inserted batch of 1000 records
2024-11-18 23:36:02,289 - INFO - Inserted batch of 1000 records
2024-11-18 23:36:02,333 - INFO - Inserted batch of 1000 records
2024-11-18 23:36:02,377 - INFO - Inserted batch of 1000 records
2024-11-18 23:36:02,429 - INFO - Inserted batch of 1000 records
2024-11-18 23:36:02,497 - INFO - Inserted batch of 1000 records
2024-11-18 23:36:02,552 - INFO - Inserted batch of 1000 records
2024-11-18 23:36:02,597 - INFO - Inserted batch of 1000 records
2024-11-18 23:36:02,644 - INFO - Inserted batch of 1000 records
2024-11-18 23:36:02,701 - INFO - Inserted batch of 1000 records
2024-11-18 23:36:02,749 - INFO - Inserted batch of 1000 records
2024-11-18 23:36:02,794 - INFO - Inserted batch of 1000 records
2024-11-18 23:36:02,841 - INFO - Inserted batch of 1000 records
2024-11-18 23:36:02,888 - INFO - Inserted batch of 1000 records
2024-11-18 23:36:02,934 - INFO - Inserted batch of 1000 records
2024-11-18 23:36:02,977 - INFO - Inserted batch of 1000 records
2024-11-18 23:36:03,023 - INFO - Inserted batch of 1000 records
2024-11-18 23:36:03,084 - INFO - Inserted batch of 1000 records
2024-11-18 23:36:03,180 - INFO - Inserted batch of 1000 records
2024-11-18 23:36:03,251 - INFO - Inserted batch of 1000 records
2024-11-18 23:36:03,329 - INFO - Inserted batch of 1000 records
2024-11-18 23:36:03,377 - INFO - Inserted batch of 1000 records
2024-11-18 23:36:03,432 - INFO - Inserted batch of 1000 records
2024-11-18 23:36:03,484 - INFO - Inserted batch of 1000 records
2024-11-18 23:36:03,529 - INFO - Inserted batch of 1000 records
2024-11-18 23:36:03,593 - INFO - Inserted batch of 1000 records
2024-11-18 23:36:03,648 - INFO - Inserted batch of 1000 records
2024-11-18 23:36:03,701 - INFO - Inserted batch of 1000 records
2024-11-18 23:36:03,749 - INFO - Inserted batch of 1000 records
2024-11-18 23:36:03,795 - INFO - Inserted batch of 1000 records
2024-11-18 23:36:03,849 - INFO - Inserted batch of 1000 records
2024-11-18 23:36:03,894 - INFO - Inserted batch of 1000 records
2024-11-18 23:36:03,945 - INFO - Inserted batch of 1000 records
2024-11-18 23:36:04,001 - INFO - Inserted batch of 1000 records
2024-11-18 23:36:04,053 - INFO - Inserted batch of 1000 records
2024-11-18 23:36:04,097 - INFO - Inserted batch of 1000 records
2024-11-18 23:36:04,142 - INFO - Inserted batch of 1000 records
2024-11-18 23:36:04,197 - INFO - Inserted batch of 1000 records
2024-11-18 23:36:04,251 - INFO - Inserted batch of 1000 records
2024-11-18 23:36:04,295 - INFO - Inserted batch of 1000 records
2024-11-18 23:36:04,346 - INFO - Inserted batch of 1000 records
2024-11-18 23:36:04,398 - INFO - Inserted batch of 1000 records
2024-11-18 23:36:04,454 - INFO - Inserted batch of 1000 records
2024-11-18 23:36:04,496 - INFO - Inserted batch of 1000 records
2024-11-18 23:36:04,563 - INFO - Inserted batch of 1000 records
2024-11-18 23:36:04,627 - INFO - Inserted batch of 1000 records
2024-11-18 23:36:04,683 - INFO - Inserted batch of 1000 records
2024-11-18 23:36:04,734 - INFO - Inserted batch of 1000 records
2024-11-18 23:36:04,790 - INFO - Inserted batch of 1000 records
2024-11-18 23:36:04,882 - INFO - Inserted batch of 1000 records
2024-11-18 23:36:04,932 - INFO - Inserted batch of 1000 records
2024-11-18 23:36:04,976 - INFO - Inserted batch of 1000 records
2024-11-18 23:36:05,024 - INFO - Inserted batch of 1000 records
2024-11-18 23:36:05,072 - INFO - Inserted batch of 1000 records
2024-11-18 23:36:05,123 - INFO - Inserted batch of 1000 records
2024-11-18 23:36:05,169 - INFO - Inserted batch of 1000 records
2024-11-18 23:36:05,214 - INFO - Inserted batch of 1000 records
2024-11-18 23:36:05,259 - INFO - Inserted batch of 1000 records
2024-11-18 23:36:05,308 - INFO - Inserted batch of 1000 records
2024-11-18 23:36:05,384 - INFO - Inserted batch of 1000 records
2024-11-18 23:36:05,430 - INFO - Inserted batch of 1000 records
2024-11-18 23:36:05,481 - INFO - Inserted batch of 1000 records
2024-11-18 23:36:05,544 - INFO - Inserted batch of 1000 records
2024-11-18 23:36:05,593 - INFO - Inserted batch of 1000 records
2024-11-18 23:36:05,664 - INFO - Inserted batch of 1000 records
2024-11-18 23:36:05,709 - INFO - Inserted batch of 1000 records
2024-11-18 23:36:05,761 - INFO - Inserted batch of 1000 records
2024-11-18 23:36:05,814 - INFO - Inserted batch of 1000 records
2024-11-18 23:36:05,915 - INFO - Inserted batch of 1000 records
2024-11-18 23:36:05,999 - INFO - Inserted batch of 1000 records
2024-11-18 23:36:06,053 - INFO - Inserted batch of 1000 records
2024-11-18 23:36:06,098 - INFO - Inserted batch of 1000 records
2024-11-18 23:36:06,142 - INFO - Inserted batch of 1000 records
2024-11-18 23:36:06,200 - INFO - Inserted batch of 1000 records
2024-11-18 23:36:06,249 - INFO - Inserted batch of 1000 records
2024-11-18 23:36:06,293 - INFO - Inserted batch of 1000 records
2024-11-18 23:36:06,339 - INFO - Inserted batch of 1000 records
2024-11-18 23:36:06,383 - INFO - Inserted batch of 1000 records
2024-11-18 23:36:06,438 - INFO - Inserted batch of 1000 records
2024-11-18 23:36:06,483 - INFO - Inserted batch of 1000 records
2024-11-18 23:36:06,528 - INFO - Inserted batch of 1000 records
2024-11-18 23:36:06,575 - INFO - Inserted batch of 1000 records
2024-11-18 23:36:06,633 - INFO - Inserted batch of 1000 records
2024-11-18 23:36:06,678 - INFO - Inserted batch of 1000 records
2024-11-18 23:36:06,725 - INFO - Inserted batch of 1000 records
2024-11-18 23:36:06,777 - INFO - Inserted batch of 1000 records
2024-11-18 23:36:06,829 - INFO - Inserted batch of 1000 records
2024-11-18 23:36:06,890 - INFO - Inserted batch of 1000 records
2024-11-18 23:36:06,998 - INFO - Inserted batch of 1000 records
2024-11-18 23:36:07,043 - INFO - Inserted batch of 1000 records
2024-11-18 23:36:07,094 - INFO - Inserted batch of 1000 records
2024-11-18 23:36:07,140 - INFO - Inserted batch of 1000 records
2024-11-18 23:36:07,186 - INFO - Inserted batch of 1000 records
2024-11-18 23:36:07,231 - INFO - Inserted batch of 1000 records
2024-11-18 23:36:07,299 - INFO - Inserted batch of 1000 records
2024-11-18 23:36:07,343 - INFO - Inserted batch of 1000 records
2024-11-18 23:36:07,389 - INFO - Inserted batch of 1000 records
2024-11-18 23:36:07,432 - INFO - Inserted batch of 1000 records
2024-11-18 23:36:07,482 - INFO - Inserted batch of 1000 records
2024-11-18 23:36:07,527 - INFO - Inserted batch of 1000 records
2024-11-18 23:36:07,571 - INFO - Inserted batch of 1000 records
2024-11-18 23:36:07,616 - INFO - Inserted batch of 1000 records
2024-11-18 23:36:07,663 - INFO - Inserted batch of 1000 records
2024-11-18 23:36:07,708 - INFO - Inserted batch of 1000 records
2024-11-18 23:36:07,754 - INFO - Inserted batch of 1000 records
2024-11-18 23:36:07,798 - INFO - Inserted batch of 1000 records
2024-11-18 23:36:07,849 - INFO - Inserted batch of 1000 records
2024-11-18 23:36:07,893 - INFO - Inserted batch of 1000 records
2024-11-18 23:36:07,964 - INFO - Inserted batch of 1000 records
2024-11-18 23:36:08,009 - INFO - Inserted batch of 1000 records
2024-11-18 23:36:08,062 - INFO - Inserted batch of 1000 records
2024-11-18 23:36:08,108 - INFO - Inserted batch of 1000 records
2024-11-18 23:36:08,152 - INFO - Inserted batch of 1000 records
2024-11-18 23:36:08,196 - INFO - Inserted batch of 1000 records
2024-11-18 23:36:08,249 - INFO - Inserted batch of 1000 records
2024-11-18 23:36:08,313 - INFO - Inserted batch of 1000 records
2024-11-18 23:36:08,380 - INFO - Inserted batch of 1000 records
2024-11-18 23:36:08,430 - INFO - Inserted batch of 1000 records
2024-11-18 23:36:08,476 - INFO - Inserted batch of 1000 records
2024-11-18 23:36:08,524 - INFO - Inserted batch of 1000 records
2024-11-18 23:36:08,570 - INFO - Inserted batch of 1000 records
2024-11-18 23:36:08,616 - INFO - Inserted batch of 1000 records
2024-11-18 23:36:08,683 - INFO - Inserted batch of 1000 records
2024-11-18 23:36:08,727 - INFO - Inserted batch of 1000 records
2024-11-18 23:36:08,782 - INFO - Inserted batch of 1000 records
2024-11-18 23:36:08,827 - INFO - Inserted batch of 1000 records
2024-11-18 23:36:08,878 - INFO - Inserted batch of 1000 records
2024-11-18 23:36:08,929 - INFO - Inserted batch of 1000 records
2024-11-18 23:36:08,977 - INFO - Inserted batch of 1000 records
2024-11-18 23:36:09,028 - INFO - Inserted batch of 1000 records
2024-11-18 23:36:09,132 - INFO - Inserted batch of 1000 records
2024-11-18 23:36:09,177 - INFO - Inserted batch of 1000 records
2024-11-18 23:36:09,224 - INFO - Inserted batch of 1000 records
2024-11-18 23:36:09,270 - INFO - Inserted batch of 1000 records
2024-11-18 23:36:09,356 - INFO - Inserted batch of 1000 records
2024-11-18 23:36:09,417 - INFO - Inserted batch of 1000 records
2024-11-18 23:36:09,462 - INFO - Inserted batch of 1000 records
2024-11-18 23:36:09,508 - INFO - Inserted batch of 1000 records
2024-11-18 23:36:09,559 - INFO - Inserted batch of 1000 records
2024-11-18 23:36:09,621 - INFO - Inserted batch of 1000 records
2024-11-18 23:36:09,713 - INFO - Inserted batch of 1000 records
2024-11-18 23:36:09,778 - INFO - Inserted batch of 1000 records
2024-11-18 23:36:09,833 - INFO - Inserted batch of 1000 records
2024-11-18 23:36:09,879 - INFO - Inserted batch of 1000 records
2024-11-18 23:36:09,927 - INFO - Inserted batch of 1000 records
2024-11-18 23:36:10,061 - INFO - Inserted batch of 1000 records
2024-11-18 23:36:10,149 - INFO - Inserted batch of 1000 records
2024-11-18 23:36:10,225 - INFO - Inserted batch of 1000 records
2024-11-18 23:36:10,281 - INFO - Inserted batch of 1000 records
2024-11-18 23:36:10,337 - INFO - Inserted batch of 1000 records
2024-11-18 23:36:10,389 - INFO - Inserted batch of 1000 records
2024-11-18 23:36:10,435 - INFO - Inserted batch of 1000 records
2024-11-18 23:36:10,494 - INFO - Inserted batch of 1000 records
2024-11-18 23:36:10,561 - INFO - Inserted batch of 1000 records
2024-11-18 23:36:10,611 - INFO - Inserted batch of 1000 records
2024-11-18 23:36:10,657 - INFO - Inserted batch of 1000 records
2024-11-18 23:36:10,707 - INFO - Inserted batch of 1000 records
2024-11-18 23:36:10,765 - INFO - Inserted batch of 1000 records
2024-11-18 23:36:10,824 - INFO - Inserted batch of 1000 records
2024-11-18 23:36:10,881 - INFO - Inserted batch of 1000 records
2024-11-18 23:36:10,933 - INFO - Inserted batch of 1000 records
2024-11-18 23:36:10,989 - INFO - Inserted batch of 1000 records
2024-11-18 23:36:11,039 - INFO - Inserted batch of 1000 records
2024-11-18 23:36:11,097 - INFO - Inserted batch of 1000 records
2024-11-18 23:36:11,238 - INFO - Inserted batch of 1000 records
2024-11-18 23:36:11,294 - INFO - Inserted batch of 1000 records
2024-11-18 23:36:11,350 - INFO - Inserted batch of 1000 records
2024-11-18 23:36:11,419 - INFO - Inserted batch of 1000 records
2024-11-18 23:36:11,464 - INFO - Inserted batch of 1000 records
2024-11-18 23:36:11,510 - INFO - Inserted batch of 1000 records
2024-11-18 23:36:11,564 - INFO - Inserted batch of 1000 records
2024-11-18 23:36:11,610 - INFO - Inserted batch of 1000 records
2024-11-18 23:36:11,663 - INFO - Inserted batch of 1000 records
2024-11-18 23:36:11,721 - INFO - Inserted batch of 1000 records
2024-11-18 23:36:11,832 - INFO - Inserted batch of 1000 records
2024-11-18 23:36:11,877 - INFO - Inserted batch of 1000 records
2024-11-18 23:36:11,942 - INFO - Inserted batch of 1000 records
2024-11-18 23:36:11,990 - INFO - Inserted batch of 1000 records
2024-11-18 23:36:12,051 - INFO - Inserted batch of 1000 records
2024-11-18 23:36:12,113 - INFO - Inserted batch of 1000 records
2024-11-18 23:36:12,159 - INFO - Inserted batch of 1000 records
2024-11-18 23:36:12,205 - INFO - Inserted batch of 1000 records
2024-11-18 23:36:12,256 - INFO - Inserted batch of 1000 records
2024-11-18 23:36:12,310 - INFO - Inserted batch of 1000 records
2024-11-18 23:36:12,370 - INFO - Inserted batch of 1000 records
2024-11-18 23:36:12,423 - INFO - Inserted batch of 1000 records
2024-11-18 23:36:12,472 - INFO - Inserted batch of 1000 records
2024-11-18 23:36:12,529 - INFO - Inserted batch of 1000 records
2024-11-18 23:36:12,583 - INFO - Inserted batch of 1000 records
2024-11-18 23:36:12,638 - INFO - Inserted batch of 1000 records
2024-11-18 23:36:12,691 - INFO - Inserted batch of 1000 records
2024-11-18 23:36:12,765 - INFO - Inserted batch of 1000 records
2024-11-18 23:36:12,829 - INFO - Inserted batch of 1000 records
2024-11-18 23:36:12,874 - INFO - Inserted batch of 1000 records
2024-11-18 23:36:12,932 - INFO - Inserted batch of 1000 records
2024-11-18 23:36:12,977 - INFO - Inserted batch of 1000 records
2024-11-18 23:36:13,042 - INFO - Inserted batch of 1000 records
2024-11-18 23:36:13,093 - INFO - Inserted batch of 1000 records
2024-11-18 23:36:13,165 - INFO - Inserted batch of 1000 records
2024-11-18 23:36:13,211 - INFO - Inserted batch of 1000 records
2024-11-18 23:36:13,269 - INFO - Inserted batch of 1000 records
2024-11-18 23:36:13,345 - INFO - Inserted batch of 1000 records
2024-11-18 23:36:13,405 - INFO - Inserted batch of 1000 records
2024-11-18 23:36:13,453 - INFO - Inserted batch of 1000 records
2024-11-18 23:36:13,498 - INFO - Inserted batch of 1000 records
2024-11-18 23:36:13,544 - INFO - Inserted batch of 1000 records
2024-11-18 23:36:13,604 - INFO - Inserted batch of 1000 records
2024-11-18 23:36:13,650 - INFO - Inserted batch of 1000 records
2024-11-18 23:36:13,695 - INFO - Inserted batch of 1000 records
2024-11-18 23:36:13,740 - INFO - Inserted batch of 1000 records
2024-11-18 23:36:13,791 - INFO - Inserted batch of 1000 records
2024-11-18 23:36:13,837 - INFO - Inserted batch of 1000 records
2024-11-18 23:36:13,889 - INFO - Inserted batch of 1000 records
2024-11-18 23:36:13,938 - INFO - Inserted batch of 1000 records
2024-11-18 23:36:13,987 - INFO - Inserted batch of 1000 records
2024-11-18 23:36:14,069 - INFO - Inserted batch of 1000 records
2024-11-18 23:36:14,136 - INFO - Inserted batch of 1000 records
2024-11-18 23:36:14,183 - INFO - Inserted batch of 1000 records
2024-11-18 23:36:14,239 - INFO - Inserted batch of 1000 records
2024-11-18 23:36:14,287 - INFO - Inserted batch of 1000 records
2024-11-18 23:36:14,342 - INFO - Inserted batch of 1000 records
2024-11-18 23:36:14,391 - INFO - Inserted batch of 1000 records
2024-11-18 23:36:14,460 - INFO - Inserted batch of 1000 records
2024-11-18 23:36:14,522 - INFO - Inserted batch of 1000 records
2024-11-18 23:36:14,599 - INFO - Inserted batch of 1000 records
2024-11-18 23:36:14,660 - INFO - Inserted batch of 1000 records
2024-11-18 23:36:14,714 - INFO - Inserted batch of 1000 records
2024-11-18 23:36:14,766 - INFO - Inserted batch of 1000 records
2024-11-18 23:36:14,820 - INFO - Inserted batch of 1000 records
2024-11-18 23:36:14,866 - INFO - Inserted batch of 1000 records
2024-11-18 23:36:14,916 - INFO - Inserted batch of 1000 records
2024-11-18 23:36:14,967 - INFO - Inserted batch of 1000 records
2024-11-18 23:36:15,013 - INFO - Inserted batch of 1000 records
2024-11-18 23:36:15,060 - INFO - Inserted batch of 1000 records
2024-11-18 23:36:15,122 - INFO - Inserted batch of 1000 records
2024-11-18 23:36:15,210 - INFO - Inserted batch of 1000 records
2024-11-18 23:36:15,256 - INFO - Inserted batch of 1000 records
2024-11-18 23:36:15,301 - INFO - Inserted batch of 1000 records
2024-11-18 23:36:15,349 - INFO - Inserted batch of 1000 records
2024-11-18 23:36:15,432 - INFO - Inserted batch of 1000 records
2024-11-18 23:36:15,482 - INFO - Inserted batch of 1000 records
2024-11-18 23:36:15,526 - INFO - Inserted batch of 1000 records
2024-11-18 23:36:15,612 - INFO - Inserted batch of 1000 records
2024-11-18 23:36:15,664 - INFO - Inserted batch of 1000 records
2024-11-18 23:36:15,711 - INFO - Inserted batch of 1000 records
2024-11-18 23:36:15,760 - INFO - Inserted batch of 1000 records
2024-11-18 23:36:15,805 - INFO - Inserted batch of 1000 records
2024-11-18 23:36:15,855 - INFO - Inserted batch of 1000 records
2024-11-18 23:36:15,913 - INFO - Inserted batch of 1000 records
2024-11-18 23:36:15,959 - INFO - Inserted batch of 1000 records
2024-11-18 23:36:16,012 - INFO - Inserted batch of 1000 records
2024-11-18 23:36:16,061 - INFO - Inserted batch of 1000 records
2024-11-18 23:36:16,119 - INFO - Inserted batch of 1000 records
2024-11-18 23:36:16,173 - INFO - Inserted batch of 1000 records
2024-11-18 23:36:16,233 - INFO - Inserted batch of 1000 records
2024-11-18 23:36:16,285 - INFO - Inserted batch of 1000 records
2024-11-18 23:36:16,330 - INFO - Inserted batch of 1000 records
2024-11-18 23:36:16,375 - INFO - Inserted batch of 1000 records
2024-11-18 23:36:16,440 - INFO - Inserted batch of 1000 records
2024-11-18 23:36:16,491 - INFO - Inserted batch of 1000 records
2024-11-18 23:36:16,553 - INFO - Inserted batch of 1000 records
2024-11-18 23:36:16,601 - INFO - Inserted batch of 1000 records
2024-11-18 23:36:16,660 - INFO - Inserted batch of 1000 records
2024-11-18 23:36:16,720 - INFO - Inserted batch of 1000 records
2024-11-18 23:36:16,785 - INFO - Inserted batch of 1000 records
2024-11-18 23:36:16,843 - INFO - Inserted batch of 1000 records
2024-11-18 23:36:16,914 - INFO - Inserted batch of 1000 records
2024-11-18 23:36:16,976 - INFO - Inserted batch of 1000 records
2024-11-18 23:36:17,037 - INFO - Inserted batch of 1000 records
2024-11-18 23:36:17,088 - INFO - Inserted batch of 1000 records
2024-11-18 23:36:17,135 - INFO - Inserted batch of 1000 records
2024-11-18 23:36:17,198 - INFO - Inserted batch of 1000 records
2024-11-18 23:36:17,246 - INFO - Inserted batch of 1000 records
2024-11-18 23:36:17,294 - INFO - Inserted batch of 1000 records
2024-11-18 23:36:17,340 - INFO - Inserted batch of 1000 records
2024-11-18 23:36:17,408 - INFO - Inserted batch of 1000 records
2024-11-18 23:36:17,414 - INFO - Inserted batch of 18 records
2024-11-18 23:36:17,493 - INFO - 
            Data Loading Summary:
            - Total records: 346018
            - Successful inserts: 346018
            - Failed inserts: 0
            - Duration: 0:00:39.324180
            
